<?xml version="1.0" encoding="UTF-8"?>
<testng-results skipped="0" failed="0" total="1" passed="1">
  <reporter-output>
  </reporter-output>
  <suite name="Suite" duration-ms="9488" started-at="2020-01-24T17:53:30Z" finished-at="2020-01-24T17:53:40Z">
    <groups>
      <group name="DMSSETUP">
        <method signature="DataSetUp.addHQUser()[pri:0, instance:com.automation.PolicyCenter.Page.DataSetUp@57fffcd7]" name="addHQUser" class="com.automation.PolicyCenter.Page.DataSetUp"/>
      </group> <!-- DMSSETUP -->
    </groups>
    <test name="Test" duration-ms="9488" started-at="2020-01-24T17:53:30Z" finished-at="2020-01-24T17:53:40Z">
      <class name="com.automation.PolicyCenter.Page.DataSetUp">
        <test-method status="PASS" signature="extentSetup(org.testng.ITestContext)[pri:0, instance:com.automation.PolicyCenter.Page.DataSetUp@57fffcd7]" name="extentSetup" is-config="true" duration-ms="390" started-at="2020-01-24T23:23:30Z" finished-at="2020-01-24T23:23:30Z">
          <params>
            <param index="0">
              <value>
                <![CDATA[org.testng.TestRunner@2974f221]]>
              </value>
            </param>
          </params>
          <reporter-output>
          </reporter-output>
        </test-method> <!-- extentSetup -->
        <test-method status="PASS" signature="testClassStart(org.testng.ITestContext)[pri:0, instance:com.automation.PolicyCenter.Page.DataSetUp@57fffcd7]" name="testClassStart" is-config="true" duration-ms="7247" started-at="2020-01-24T23:23:30Z" finished-at="2020-01-24T23:23:37Z">
          <params>
            <param index="0">
              <value>
                <![CDATA[org.testng.TestRunner@2974f221]]>
              </value>
            </param>
          </params>
          <reporter-output>
          </reporter-output>
        </test-method> <!-- testClassStart -->
        <test-method status="PASS" signature="testMethodStart(java.lang.reflect.Method)[pri:0, instance:com.automation.PolicyCenter.Page.DataSetUp@57fffcd7]" name="testMethodStart" is-config="true" duration-ms="18" started-at="2020-01-24T23:23:37Z" finished-at="2020-01-24T23:23:37Z">
          <params>
            <param index="0">
              <value>
                <![CDATA[public void com.automation.PolicyCenter.Page.DataSetUp.addHQUser()]]>
              </value>
            </param>
          </params>
          <reporter-output>
          </reporter-output>
        </test-method> <!-- testMethodStart -->
        <test-method status="PASS" signature="addHQUser()[pri:0, instance:com.automation.PolicyCenter.Page.DataSetUp@57fffcd7]" name="addHQUser" duration-ms="7" started-at="2020-01-24T23:23:37Z" finished-at="2020-01-24T23:23:37Z">
          <reporter-output>
          </reporter-output>
        </test-method> <!-- addHQUser -->
        <test-method status="PASS" signature="testMethodEnd(org.testng.ITestResult)[pri:0, instance:com.automation.PolicyCenter.Page.DataSetUp@57fffcd7]" name="testMethodEnd" is-config="true" duration-ms="447" started-at="2020-01-24T23:23:37Z" finished-at="2020-01-24T23:23:38Z">
          <params>
            <param index="0">
              <value>
                <![CDATA[[TestResult name=addHQUser status=SUCCESS method=DataSetUp.addHQUser()[pri:0, instance:com.automation.PolicyCenter.Page.DataSetUp@57fffcd7] output={null}]]]>
              </value>
            </param>
          </params>
          <reporter-output>
          </reporter-output>
        </test-method> <!-- testMethodEnd -->
        <test-method status="PASS" signature="tearDown()[pri:0, instance:com.automation.PolicyCenter.Page.DataSetUp@57fffcd7]" name="tearDown" is-config="true" duration-ms="1753" started-at="2020-01-24T23:23:38Z" finished-at="2020-01-24T23:23:40Z">
          <reporter-output>
          </reporter-output>
        </test-method> <!-- tearDown -->
        <test-method status="PASS" signature="afterSuite(org.testng.ITestContext)[pri:0, instance:com.automation.PolicyCenter.Page.DataSetUp@57fffcd7]" name="afterSuite" is-config="true" duration-ms="38" started-at="2020-01-24T23:23:40Z" finished-at="2020-01-24T23:23:40Z">
          <params>
            <param index="0">
              <value>
                <![CDATA[org.testng.TestRunner@2974f221]]>
              </value>
            </param>
          </params>
          <reporter-output>
          </reporter-output>
        </test-method> <!-- afterSuite -->
      </class> <!-- com.automation.PolicyCenter.Page.DataSetUp -->
    </test> <!-- Test -->
  </suite> <!-- Suite -->
</testng-results>
